<?xml version="1.0" encoding="UTF-8"?>
<!-- Generated by org.testng.reporters.JUnitXMLReporter -->
<testsuite hostname="DESKTOP-FCV789S" name="Stand Alone Simple Orders" tests="2" failures="0" timestamp="6 Sep 2019 05:05:41 GMT" time="26.171" errors="0">
  <testcase name="testCaseA1" time="0.007" classname="com.ordercreation.suite.StandAloneOrders.StandAloneSimpleOrders"/>
  <testcase name="testCaseA1" time="0.002" classname="com.ordercreation.suite.StandAloneOrders.StandAloneSimpleOrders">
    <skipped/>
  </testcase> <!-- testCaseA1 -->
</testsuite> <!-- Stand Alone Simple Orders -->
