<?xml version="1.0" encoding="UTF-8"?>
<!-- Generated by org.testng.reporters.JUnitXMLReporter -->
<testsuite hostname="DESKTOP-FCV789S" name="Stand Alone Government Orders" tests="1" failures="0" timestamp="6 Sep 2019 05:05:41 GMT" time="0.01" errors="0">
  <testcase name="@BeforeTest checkTestSkip" time="0.0" classname="com.ordercreation.suite.StandAloneOrders.StandAloneGovOrders">
    <skipped/>
  </testcase> <!-- @BeforeTest checkTestSkip -->
  <testcase name="@AfterMethod reportDataSetResult" time="0.0" classname="com.ordercreation.suite.StandAloneOrders.StandAloneGovOrders">
    <skipped/>
  </testcase> <!-- @AfterMethod reportDataSetResult -->
  <testcase name="@AfterTest reportTestResult" time="0.0" classname="com.ordercreation.suite.StandAloneOrders.StandAloneGovOrders">
    <skipped/>
  </testcase> <!-- @AfterTest reportTestResult -->
  <testcase name="testCaseA1" time="0.001" classname="com.ordercreation.suite.StandAloneOrders.StandAloneGovOrders">
    <skipped/>
  </testcase> <!-- testCaseA1 -->
</testsuite> <!-- Stand Alone Government Orders -->
